Flow report for Lampu_Lalu_Lintas
Thu May 09 18:34:00 2019
Quartus Prime Version 18.1.0 Build 625 09/12/2018 SJ Lite Edition


---------------------
; Table of Contents ;
---------------------
  1. Legal Notice
  2. Flow Summary
  3. Flow Settings
  4. Flow Non-Default Global Settings
  5. Flow Elapsed Time
  6. Flow OS Summary
  7. Flow Log
  8. Flow Messages
  9. Flow Suppressed Messages



----------------
; Legal Notice ;
----------------
Copyright (C) 2018  Intel Corporation. All rights reserved.
Your use of Intel Corporation's design tools, logic functions 
and other software and tools, and its AMPP partner logic 
functions, and any output files from any of the foregoing 
(including device programming or simulation files), and any 
associated documentation or information are expressly subject 
to the terms and conditions of the Intel Program License 
Subscription Agreement, the Intel Quartus Prime License Agreement,
the Intel FPGA IP License Agreement, or other applicable license
agreement, including, without limitation, that your use is for
the sole purpose of programming logic devices manufactured by
Intel and sold by Intel or its authorized distributors.  Please
refer to the applicable agreement for further details.



+-------------------------------------------------------------------------------+
; Flow Summary                                                                  ;
+---------------------------------+---------------------------------------------+
; Flow Status                     ; Successful - Thu May 09 18:34:00 2019       ;
; Quartus Prime Version           ; 18.1.0 Build 625 09/12/2018 SJ Lite Edition ;
; Revision Name                   ; Lampu_Lalu_Lintas                           ;
; Top-level Entity Name           ; LampuLaluLintas                             ;
; Family                          ; Cyclone V                                   ;
; Device                          ; 5CSEMA5F31C6                                ;
; Timing Models                   ; Final                                       ;
; Logic utilization (in ALMs)     ; 1,044 / 32,070 ( 3 % )                      ;
; Total registers                 ; 192                                         ;
; Total pins                      ; 91 / 457 ( 20 % )                           ;
; Total virtual pins              ; 0                                           ;
; Total block memory bits         ; 32 / 4,065,280 ( < 1 % )                    ;
; Total DSP Blocks                ; 0 / 87 ( 0 % )                              ;
; Total HSSI RX PCSs              ; 0                                           ;
; Total HSSI PMA RX Deserializers ; 0                                           ;
; Total HSSI TX PCSs              ; 0                                           ;
; Total HSSI PMA TX Serializers   ; 0                                           ;
; Total PLLs                      ; 0 / 6 ( 0 % )                               ;
; Total DLLs                      ; 0 / 4 ( 0 % )                               ;
+---------------------------------+---------------------------------------------+


+-----------------------------------------+
; Flow Settings                           ;
+-------------------+---------------------+
; Option            ; Setting             ;
+-------------------+---------------------+
; Start date & time ; 05/09/2019 18:31:02 ;
; Main task         ; Compilation         ;
; Revision Name     ; Lampu_Lalu_Lintas   ;
+-------------------+---------------------+


+-------------------------------------------------------------------------------------------------------------------------------------+
; Flow Non-Default Global Settings                                                                                                    ;
+-------------------------------------+----------------------------------------+-------------------+-----------------+----------------+
; Assignment Name                     ; Value                                  ; Default Value     ; Entity Name     ; Section Id     ;
+-------------------------------------+----------------------------------------+-------------------+-----------------+----------------+
; COMPILER_SIGNATURE_ID               ; 104427438930735.155740146210412        ; --                ; --              ; --             ;
; EDA_OUTPUT_DATA_FORMAT              ; Vhdl                                   ; --                ; --              ; eda_simulation ;
; EDA_SIMULATION_TOOL                 ; ModelSim-Altera (VHDL)                 ; <None>            ; --              ; --             ;
; MISC_FILE                           ; Ram32x8_inst.vhd                       ; --                ; --              ; --             ;
; MISC_FILE                           ; Ram32x8.cmp                            ; --                ; --              ; --             ;
; PARTITION_COLOR                     ; -- (Not supported for targeted family) ; --                ; LampuLaluLintas ; Top            ;
; PARTITION_FITTER_PRESERVATION_LEVEL ; -- (Not supported for targeted family) ; --                ; LampuLaluLintas ; Top            ;
; PARTITION_NETLIST_TYPE              ; -- (Not supported for targeted family) ; --                ; LampuLaluLintas ; Top            ;
; PROJECT_OUTPUT_DIRECTORY            ; output_files                           ; --                ; --              ; --             ;
; TOP_LEVEL_ENTITY                    ; LampuLaluLintas                        ; Lampu_Lalu_Lintas ; --              ; --             ;
+-------------------------------------+----------------------------------------+-------------------+-----------------+----------------+


+--------------------------------------------------------------------------------------------------------------------------+
; Flow Elapsed Time                                                                                                        ;
+----------------------+--------------+-------------------------+---------------------+------------------------------------+
; Module Name          ; Elapsed Time ; Average Processors Used ; Peak Virtual Memory ; Total CPU Time (on all processors) ;
+----------------------+--------------+-------------------------+---------------------+------------------------------------+
; Analysis & Synthesis ; 00:00:15     ; 1.0                     ; 4908 MB             ; 00:00:29                           ;
; Fitter               ; 00:02:13     ; 1.1                     ; 6695 MB             ; 00:03:34                           ;
; Assembler            ; 00:00:10     ; 1.0                     ; 4860 MB             ; 00:00:08                           ;
; Timing Analyzer      ; 00:00:10     ; 1.6                     ; 5203 MB             ; 00:00:16                           ;
; EDA Netlist Writer   ; 00:00:02     ; 1.0                     ; 4787 MB             ; 00:00:02                           ;
; Total                ; 00:02:50     ; --                      ; --                  ; 00:04:29                           ;
+----------------------+--------------+-------------------------+---------------------+------------------------------------+


+------------------------------------------------------------------------------------+
; Flow OS Summary                                                                    ;
+----------------------+------------------+------------+------------+----------------+
; Module Name          ; Machine Hostname ; OS Name    ; OS Version ; Processor type ;
+----------------------+------------------+------------+------------+----------------+
; Analysis & Synthesis ; DESKTOP-I3PS09P  ; Windows 10 ; 10.0       ; x86_64         ;
; Fitter               ; DESKTOP-I3PS09P  ; Windows 10 ; 10.0       ; x86_64         ;
; Assembler            ; DESKTOP-I3PS09P  ; Windows 10 ; 10.0       ; x86_64         ;
; Timing Analyzer      ; DESKTOP-I3PS09P  ; Windows 10 ; 10.0       ; x86_64         ;
; EDA Netlist Writer   ; DESKTOP-I3PS09P  ; Windows 10 ; 10.0       ; x86_64         ;
+----------------------+------------------+------------+------------+----------------+


------------
; Flow Log ;
------------
quartus_map --read_settings_files=on --write_settings_files=off Lampu_Lalu_Lintas -c Lampu_Lalu_Lintas
quartus_fit --read_settings_files=off --write_settings_files=off Lampu_Lalu_Lintas -c Lampu_Lalu_Lintas
quartus_asm --read_settings_files=off --write_settings_files=off Lampu_Lalu_Lintas -c Lampu_Lalu_Lintas
quartus_sta Lampu_Lalu_Lintas -c Lampu_Lalu_Lintas
quartus_eda --read_settings_files=off --write_settings_files=off Lampu_Lalu_Lintas -c Lampu_Lalu_Lintas



